  sample.cpp
c:\users\alan\desktop\cs450\project04\sample.cpp(222): warning C4244: '=': conversion from 'double' to 'float', possible loss of data
c:\users\alan\desktop\cs450\project04\sample.cpp(237): warning C4838: conversion from 'double' to 'float' requires a narrowing conversion
c:\users\alan\desktop\cs450\project04\sample.cpp(237): warning C4305: 'initializing': truncation from 'double' to 'float'
c:\users\alan\desktop\cs450\project04\sample.cpp(289): warning C4305: 'argument': truncation from 'double' to 'GLfloat'
c:\users\alan\desktop\cs450\project04\sample.cpp(704): warning C4305: 'argument': truncation from 'double' to 'float'
c:\users\alan\desktop\cs450\project04\sample.cpp(705): warning C4305: 'argument': truncation from 'double' to 'GLfloat'
c:\users\alan\desktop\cs450\project04\sample.cpp(712): warning C4305: 'argument': truncation from 'double' to 'float'
c:\users\alan\desktop\cs450\project04\sample.cpp(713): warning C4305: 'argument': truncation from 'double' to 'GLfloat'
c:\users\alan\desktop\cs450\project04\sample.cpp(722): warning C4305: 'argument': truncation from 'double' to 'float'
c:\users\alan\desktop\cs450\project04\sample.cpp(723): warning C4305: 'argument': truncation from 'double' to 'GLfloat'
c:\users\alan\desktop\cs450\project04\sample.cpp(745): warning C4305: 'argument': truncation from 'double' to 'float'
c:\users\alan\desktop\cs450\project04\sample.cpp(746): warning C4305: 'argument': truncation from 'double' to 'GLfloat'
c:\users\alan\desktop\cs450\project04\sample.cpp(787): warning C4305: 'argument': truncation from 'double' to 'float'
c:\users\alan\desktop\cs450\project04\sample.cpp(790): warning C4305: 'argument': truncation from 'double' to 'GLfloat'
c:\users\alan\desktop\cs450\project04\sample.cpp(1528): warning C4244: 'initializing': conversion from 'double' to 'float', possible loss of data
c:\users\alan\desktop\cs450\project04\sample.cpp(1603): warning C4244: 'initializing': conversion from 'double' to 'float', possible loss of data
c:\users\alan\desktop\cs450\project04\sample.cpp(1604): warning C4244: 'initializing': conversion from 'double' to 'float', possible loss of data
c:\users\alan\desktop\cs450\project04\sample.cpp(1605): warning C4244: 'initializing': conversion from 'double' to 'float', possible loss of data
c:\users\alan\desktop\cs450\project04\sample.cpp(1608): warning C4244: 'initializing': conversion from 'double' to 'float', possible loss of data
c:\users\alan\desktop\cs450\project04\sample.cpp(1609): warning C4244: 'initializing': conversion from 'double' to 'float', possible loss of data
c:\users\alan\desktop\cs450\project04\sample.cpp(1610): warning C4244: 'initializing': conversion from 'double' to 'float', possible loss of data
c:\users\alan\desktop\cs450\project04\sample.cpp(1618): warning C4244: '=': conversion from 'double' to 'float', possible loss of data
c:\users\alan\desktop\cs450\project04\sample.cpp(1619): warning C4244: '=': conversion from 'double' to 'float', possible loss of data
sample.obj : warning LNK4075: ignoring '/EDITANDCONTINUE' due to '/INCREMENTAL:NO' specification
  Sample.vcxproj -> C:\Users\Alan\Desktop\cs450\Project04\.\Debug\Sample.exe
  Sample.vcxproj -> .\Debug/Sample.pdb (Full PDB)
